{"event_id": "453b6e8f-a0ea-4d36-b8cd-4f7d90b24834", "schema_version": "1.0", "generated_at": "2026-04-02T09:42:36.239330Z", "incident_key": "5d553e185c2201442468f82f", "alert": {"status": "firing", "labels": {"alertname": "ProcessDown", "env": "dev", "host": "my-desktop", "job": "windows-desktop", "mode": "user", "severity": "critical", "type": "process", "process": "write"}, "annotations": {"summary": "write process is missing"}, "starts_at": "2026-04-02T08:29:04.004000+00:00", "ends_at": null, "fingerprint": "df6fa8ffb5102cb8"}, "scope": {"host": "my-desktop", "env": "dev", "job": "windows-desktop"}, "window": {"start_ns": 1775118244004000000, "end_ns": 1775122952535860992, "start_utc": "2026-04-02T08:24:04.004000+00:00", "end_utc": "2026-04-02T09:42:32.535861+00:00", "lookback_seconds": 300}, "evidence": {"metrics": [{"name": "process_absent", "labels": {"host": "my-desktop", "mode": "user"}, "points": [{"ts_ns": 1775118244004000000, "value": 1.0}, {"ts_ns": 1775118259004000000, "value": 1.0}, {"ts_ns": 1775118274004000000, "value": 1.0}, {"ts_ns": 1775118289004000000, "value": 1.0}, {"ts_ns": 1775118304004000000, "value": 1.0}, {"ts_ns": 1775118319004000000, "value": 1.0}, {"ts_ns": 1775118334004000000, "value": 1.0}, {"ts_ns": 1775118349004000000, "value": 1.0}, {"ts_ns": 1775118364004000000, "value": 1.0}, {"ts_ns": 1775118379004000000, "value": 1.0}, {"ts_ns": 1775118394004000000, "value": 1.0}, {"ts_ns": 1775118409004000000, "value": 1.0}, {"ts_ns": 1775118424004000000, "value": 1.0}, {"ts_ns": 1775118439004000000, "value": 1.0}, {"ts_ns": 1775118454004000000, "value": 1.0}, {"ts_ns": 1775118469004000000, "value": 1.0}, {"ts_ns": 1775118484004000000, "value": 1.0}, {"ts_ns": 1775118499004000000, "value": 1.0}, {"ts_ns": 1775118514004000000, "value": 1.0}, {"ts_ns": 1775118529004000000, "value": 1.0}, {"ts_ns": 1775118544004000000, "value": 1.0}, {"ts_ns": 1775118559004000000, "value": 1.0}, {"ts_ns": 1775118574004000000, "value": 1.0}, {"ts_ns": 1775118589004000000, "value": 1.0}, {"ts_ns": 1775118604004000000, "value": 1.0}, {"ts_ns": 1775118619004000000, "value": 1.0}, {"ts_ns": 1775118634004000000, "value": 1.0}, {"ts_ns": 1775118649004000000, "value": 1.0}, {"ts_ns": 1775118664004000000, "value": 1.0}, {"ts_ns": 1775118679004000000, "value": 1.0}, {"ts_ns": 1775118694004000000, "value": 1.0}, {"ts_ns": 1775118709004000000, "value": 1.0}, {"ts_ns": 1775118724004000000, "value": 1.0}, {"ts_ns": 1775118739004000000, "value": 1.0}, {"ts_ns": 1775118754004000000, "value": 1.0}, {"ts_ns": 1775118769004000000, "value": 1.0}, {"ts_ns": 1775118784004000000, "value": 1.0}, {"ts_ns": 1775118799004000000, "value": 1.0}, {"ts_ns": 1775118814004000000, "value": 1.0}, {"ts_ns": 1775118829004000000, "value": 1.0}, {"ts_ns": 1775118844004000000, "value": 1.0}, {"ts_ns": 1775118859004000000, "value": 1.0}, {"ts_ns": 1775118874004000000, "value": 1.0}, {"ts_ns": 1775118889004000000, "value": 1.0}, {"ts_ns": 1775118904004000000, "value": 1.0}, {"ts_ns": 1775118919004000000, "value": 1.0}, {"ts_ns": 1775118934004000000, "value": 1.0}, {"ts_ns": 1775118949004000000, "value": 1.0}, {"ts_ns": 1775118964004000000, "value": 1.0}, {"ts_ns": 1775118979004000000, "value": 1.0}, {"ts_ns": 1775118994004000000, "value": 1.0}, {"ts_ns": 1775119009004000000, "value": 1.0}, {"ts_ns": 1775119024004000000, "value": 1.0}, {"ts_ns": 1775119039004000000, "value": 1.0}, {"ts_ns": 1775119054004000000, "value": 1.0}, {"ts_ns": 1775119069004000000, "value": 1.0}, {"ts_ns": 1775119084004000000, "value": 1.0}, {"ts_ns": 1775119099004000000, "value": 1.0}, {"ts_ns": 1775119114004000000, "value": 1.0}, {"ts_ns": 1775119129004000000, "value": 1.0}, {"ts_ns": 1775119144004000000, "value": 1.0}, {"ts_ns": 1775119159004000000, "value": 1.0}, {"ts_ns": 1775119174004000000, "value": 1.0}, {"ts_ns": 1775119189004000000, "value": 1.0}, {"ts_ns": 1775119204004000000, "value": 1.0}, {"ts_ns": 1775119219004000000, "value": 1.0}, {"ts_ns": 1775119234004000000, "value": 1.0}, {"ts_ns": 1775119249004000000, "value": 1.0}, {"ts_ns": 1775119264004000000, "value": 1.0}, {"ts_ns": 1775119279004000000, "value": 1.0}, {"ts_ns": 1775119294004000000, "value": 1.0}, {"ts_ns": 1775119309004000000, "value": 1.0}, {"ts_ns": 1775119324004000000, "value": 1.0}, {"ts_ns": 1775119339004000000, "value": 1.0}, {"ts_ns": 1775119354004000000, "value": 1.0}, {"ts_ns": 1775119369004000000, "value": 1.0}, {"ts_ns": 1775119384004000000, "value": 1.0}, {"ts_ns": 1775119399004000000, "value": 1.0}, {"ts_ns": 1775119414004000000, "value": 1.0}, {"ts_ns": 1775119429004000000, "value": 1.0}, {"ts_ns": 1775119444004000000, "value": 1.0}, {"ts_ns": 1775119459004000000, "value": 1.0}, {"ts_ns": 1775119474004000000, "value": 1.0}, {"ts_ns": 1775119489004000000, "value": 1.0}, {"ts_ns": 1775119504004000000, "value": 1.0}, {"ts_ns": 1775119519004000000, "value": 1.0}, {"ts_ns": 1775119534004000000, "value": 1.0}, {"ts_ns": 1775119549004000000, "value": 1.0}, {"ts_ns": 1775119564004000000, "value": 1.0}, {"ts_ns": 1775119579004000000, "value": 1.0}, {"ts_ns": 1775119594004000000, "value": 1.0}, {"ts_ns": 1775119609004000000, "value": 1.0}, {"ts_ns": 1775119624004000000, "value": 1.0}, {"ts_ns": 1775119639004000000, "value": 1.0}, {"ts_ns": 1775119654004000000, "value": 1.0}, {"ts_ns": 1775119669004000000, "value": 1.0}, {"ts_ns": 1775119684004000000, "value": 1.0}, {"ts_ns": 1775119699004000000, "value": 1.0}, {"ts_ns": 1775119714004000000, "value": 1.0}, {"ts_ns": 1775119729004000000, "value": 1.0}, {"ts_ns": 1775119744004000000, "value": 1.0}, {"ts_ns": 1775119759004000000, "value": 1.0}, {"ts_ns": 1775119774004000000, "value": 1.0}, {"ts_ns": 1775119789004000000, "value": 1.0}, {"ts_ns": 1775119804004000000, "value": 1.0}, {"ts_ns": 1775119819004000000, "value": 1.0}, {"ts_ns": 1775119834004000000, "value": 1.0}, {"ts_ns": 1775119849004000000, "value": 1.0}, {"ts_ns": 1775119864004000000, "value": 1.0}, {"ts_ns": 1775119879004000000, "value": 1.0}, {"ts_ns": 1775119894004000000, "value": 1.0}, {"ts_ns": 1775119909004000000, "value": 1.0}, {"ts_ns": 1775119924004000000, "value": 1.0}, {"ts_ns": 1775119939004000000, "value": 1.0}, {"ts_ns": 1775119954004000000, "value": 1.0}, {"ts_ns": 1775119969004000000, "value": 1.0}, {"ts_ns": 1775119984004000000, "value": 1.0}, {"ts_ns": 1775119999004000000, "value": 1.0}, {"ts_ns": 1775120014004000000, "value": 1.0}, {"ts_ns": 1775120029004000000, "value": 1.0}], "min_value": 1.0, "max_value": 1.0, "current_value": 1.0, "trend": "flat"}], "logs": [{"ts_ns": 1775122735337049000, "labels": {"channel": "System", "computer": "DESKTOP-541SBKH", "host": "my-desktop", "job": "windows-eventlog", "service_name": "windows-eventlog"}, "line": "{\"source\":\"Service Control Manager\",\"channel\":\"System\",\"computer\":\"DESKTOP-541SBKH\",\"event_id\":7031,\"level\":2,\"levelText\":\"Error\",\"keywords\":\"Classic\",\"timeCreated\":\"2026-04-02T09:38:55.3370490Z\",\"eventRecordID\":278511,\"execution\":{\"processId\":852,\"threadId\":16612,\"processName\":\"services.exe\"},\"event_data\":\"\\u003cData Name='param1'\\u003eAlloy\\u003c/Data\\u003e\\u003cData Name='param2'\\u003e20\\u003c/Data\\u003e\\u003cData Name='param3'\\u003e5000\\u003c/Data\\u003e\\u003cData Name='param4'\\u003e1\\u003c/Data\\u003e\\u003cData Name='param5'\\u003eRed\u00e9marrer le service\\u003c/Data\\u003e\\u003cBinary\\u003e41006C006C006F0079000000\\u003c/Binary\\u003e\",\"message\":\"The Alloy service terminated unexpectedly.  It has done this 20 time(s).  The following corrective action will be taken in 5000 milliseconds: Red\u00e9marrer le service.\"}"}, {"ts_ns": 1775122735308573200, "labels": {"channel": "Application", "computer": "DESKTOP-541SBKH", "host": "my-desktop", "job": "windows-eventlog", "service_name": "windows-eventlog"}, "line": "{\"source\":\"Alloy\",\"channel\":\"Application\",\"computer\":\"DESKTOP-541SBKH\",\"event_id\":1,\"level\":2,\"levelText\":\"Error\",\"opCodeText\":\"Info\",\"keywords\":\"Classic\",\"timeCreated\":\"2026-04-02T09:38:55.3085732Z\",\"eventRecordID\":232127,\"event_data\":\"\\u003cData\\u003ets=2026-04-02T09:38:55.3085732Z level=error msg=\\\"failed to listen on 127.0.0.1:12345\\\" service=http err=\\\"listen tcp 127.0.0.1:12345: bind: Only one usage of each socket address (protocol/network address/port) is normally permitted.\\\"\\n\\u003c/Data\\u003e\",\"message\":\"ts=2026-04-02T09:38:55.3085732Z level=error msg=\\\"failed to listen on 127.0.0.1:12345\\\" service=http err=\\\"listen tcp 127.0.0.1:12345: bind: Only one usage of each socket address (protocol/network address/port) is normally permitted.\\\"\\n\"}"}, {"ts_ns": 1775122735308024700, "labels": {"channel": "Application", "computer": "DESKTOP-541SBKH", "host": "my-desktop", "job": "windows-eventlog", "service_name": "windows-eventlog"}, "line": "{\"source\":\"Alloy\",\"channel\":\"Application\",\"computer\":\"DESKTOP-541SBKH\",\"event_id\":1,\"level\":4,\"levelText\":\"Information\",\"opCodeText\":\"Info\",\"keywords\":\"Classic\",\"timeCreated\":\"2026-04-02T09:38:55.3080247Z\",\"eventRecordID\":232126,\"event_data\":\"\\u003cData\\u003ets=2026-04-02T09:38:55.3074718Z level=info msg=\\\"starting cluster node\\\" service=cluster peers_count=0 peers=\\\"\\\" advertise_addr=127.0.0.1:12345 minimum_cluster_size=0 minimum_size_wait_timeout=0s\\nts=2026-04-02T09:38:55.3074718Z level=info msg=\\\"failed to register collector with remote server\\\" service=remotecfg id=7d2dbd57-be85-48f5-bea8-62f97d021aef name=\\\"\\\" err=\\\"noop client\\\"\\nts=2026-04-02T09:38:55.3080247Z level=info msg=\\\"peers changed\\\" service=cluster peers_count=1 min_cluster_size=0 peers=DESKTOP-541SBKH\\n\\u003c/Data\\u003e\",\"message\":\"ts=2026-04-02T09:38:55.3074718Z level=info msg=\\\"starting cluster node\\\" service=cluster peers_count=0 peers=\\\"\\\" advertise_addr=127.0.0.1:12345 minimum_cluster_size=0 minimum_size_wait_timeout=0s\\nts=2026-04-02T09:38:55.3074718Z level=info msg=\\\"failed to register collector with remote server\\\" service=remotecfg id=7d2dbd57-be85-48f5-bea8-62f97d021aef name=\\\"\\\" err=\\\"noop client\\\"\\nts=2026-04-02T09:38:55.3080247Z level=info msg=\\\"peers changed\\\" service=cluster peers_count=1 min_cluster_size=0 peers=DESKTOP-541SBKH\\n\"}"}], "signal_score": 0.6, "log_score": 0.3, "top_log_signatures": [{"signature": "{\"source\":\"service control manager\",\"channel\":\"system\",\"computer\":\"desktop-541sbkh\",\"event_id\":7031,\"level\":2,\"leveltext", "count": 1}, {"signature": "{\"source\":\"alloy\",\"channel\":\"application\",\"computer\":\"desktop-541sbkh\",\"event_id\":1,\"level\":2,\"leveltext\":\"error\",\"opcod", "count": 1}, {"signature": "{\"source\":\"alloy\",\"channel\":\"application\",\"computer\":\"desktop-541sbkh\",\"event_id\":1,\"level\":4,\"leveltext\":\"information\",", "count": 1}]}, "assessment": {"category": "availability", "probable_cause": "process_not_running", "confidence": 0.495, "impact": "service_unavailable"}, "actions": ["Inspect service/process startup configuration and dependency chain.", "Attempt controlled restart and monitor for repeated failure."], "data_gaps": [], "debug": null}
